<?xml version="1.0" encoding="UTF-8"?>
<!-- Generated by org.testng.reporters.JUnitReportReporter -->
<testsuite hostname="DESKTOP-EIC3NR5" failures="0" tests="4" name="selenium.Level_00_Register_Login_Step_By_Step" time="55.318" errors="0" timestamp="02 Dec 2021 14:43:22 GMT" skipped="0">
  <testcase classname="selenium.Level_00_Register_Login_Step_By_Step" name="TC_01_Register" time="20.109"/>
  <testcase classname="selenium.Level_00_Register_Login_Step_By_Step" name="TC_01_Register" time="17.217"/>
  <testcase classname="selenium.Level_00_Register_Login_Step_By_Step" name="TC_02_Login" time="9.344"/>
  <testcase classname="selenium.Level_00_Register_Login_Step_By_Step" name="TC_02_Login" time="8.648"/>
</testsuite> <!-- selenium.Level_00_Register_Login_Step_By_Step -->
